c:\users\gerard\desktop\proyecto inep\implementacio\x64\debug\vc143.pdb
c:\users\gerard\desktop\proyecto inep\implementacio\x64\debug\vc143.idb
c:\users\gerard\desktop\proyecto inep\implementacio\x64\debug\txconsultapaquet.obj
c:\users\gerard\desktop\proyecto inep\implementacio\x64\debug\txconsultanovetatsvideojocs.obj
c:\users\gerard\desktop\proyecto inep\implementacio\x64\debug\txcompravideojoc.obj
c:\users\gerard\desktop\proyecto inep\implementacio\x64\debug\txcomprarpaquet.obj
c:\users\gerard\desktop\proyecto inep\implementacio\x64\debug\passarelavideojoc.obj
c:\users\gerard\desktop\proyecto inep\implementacio\x64\debug\passarelausuari.obj
c:\users\gerard\desktop\proyecto inep\implementacio\x64\debug\passarelapaquet.obj
c:\users\gerard\desktop\proyecto inep\implementacio\x64\debug\passarelaelemcompra.obj
c:\users\gerard\desktop\proyecto inep\implementacio\x64\debug\passarelaconte.obj
c:\users\gerard\desktop\proyecto inep\implementacio\x64\debug\passarelacompra.obj
c:\users\gerard\desktop\proyecto inep\implementacio\x64\debug\implementacio.obj
c:\users\gerard\desktop\proyecto inep\implementacio\x64\debug\ctrlmodificausuari.obj
c:\users\gerard\desktop\proyecto inep\implementacio\x64\debug\contenedor_linea.obj
c:\users\gerard\desktop\proyecto inep\implementacio\x64\debug\cercadoravideojoc.obj
c:\users\gerard\desktop\proyecto inep\implementacio\x64\debug\cercadorausuari.obj
c:\users\gerard\desktop\proyecto inep\implementacio\x64\debug\cercadorapaquet.obj
c:\users\gerard\desktop\proyecto inep\implementacio\x64\debug\cercadoraelemcompra.obj
c:\users\gerard\desktop\proyecto inep\implementacio\x64\debug\cercadoraconte.obj
c:\users\gerard\desktop\proyecto inep\implementacio\x64\debug\cercadoracompres.obj
c:\users\gerard\desktop\proyecto inep\implementacio\x64\debug\capapresentacion.obj
c:\users\gerard\desktop\proyecto inep\implementacio\x64\debug\videoconsola.obj
c:\users\gerard\desktop\proyecto inep\implementacio\x64\debug\txtancasessio.obj
c:\users\gerard\desktop\proyecto inep\implementacio\x64\debug\txregistrausuari.obj
c:\users\gerard\desktop\proyecto inep\implementacio\x64\debug\txiniciasessio.obj
c:\users\gerard\desktop\proyecto inep\implementacio\x64\debug\txinfocompres.obj
c:\users\gerard\desktop\proyecto inep\implementacio\x64\debug\txinfocompra.obj
c:\users\gerard\desktop\proyecto inep\implementacio\x64\debug\txesborrausuari.obj
c:\users\gerard\desktop\proyecto inep\implementacio\x64\debug\txconsultavideojocsedat.obj
c:\users\gerard\desktop\proyecto inep\implementacio\x64\debug\txconsultavideojocs.obj
c:\users\gerard\desktop\proyecto inep\implementacio\x64\debug\txconsultavideojoc.obj
c:\users\gerard\desktop\proyecto inep\implementacio\x64\debug\txconsultausuari.obj
c:\users\gerard\desktop\proyecto inep\implementacio\x64\debug\txconsultapaquets.obj
c:\users\gerard\desktop\proyecto inep\implementacio\x64\debug\implementacio.ilk
c:\users\gerard\desktop\proyecto inep\x64\debug\implementacio.exe
c:\users\gerard\desktop\proyecto inep\x64\debug\implementacio.pdb
c:\users\gerard\desktop\proyecto inep\implementacio\x64\debug\implementacio.tlog\cl.command.1.tlog
c:\users\gerard\desktop\proyecto inep\implementacio\x64\debug\implementacio.tlog\cl.items.tlog
c:\users\gerard\desktop\proyecto inep\implementacio\x64\debug\implementacio.tlog\cl.read.1.tlog
c:\users\gerard\desktop\proyecto inep\implementacio\x64\debug\implementacio.tlog\cl.write.1.tlog
c:\users\gerard\desktop\proyecto inep\implementacio\x64\debug\implementacio.tlog\link.command.1.tlog
c:\users\gerard\desktop\proyecto inep\implementacio\x64\debug\implementacio.tlog\link.read.1.tlog
c:\users\gerard\desktop\proyecto inep\implementacio\x64\debug\implementacio.tlog\link.write.1.tlog
